1776872743.153831 client started (32461): version 3.4, socket /tmp/tmux-1000/default, protocol 8
1776872743.154196 on Linux 6.8.0-110-generic #110-Ubuntu SMP PREEMPT_DYNAMIC Thu Mar 19 15:09:20 UTC 2026
1776872743.154439 using libevent 2.1.12-stable poll
1776872743.154549 using ncurses 6.4 20240113
1776872743.154680 flags are 0x10010000
1776872743.154818 socket is /tmp/tmux-1000/default
1776872743.154940 trying connect
1776872743.155197 add peer 0x64fc1f0138b0: 6 ((nil))
1776872743.155979 sending message 100 to peer 0x64fc1f0138b0 (4 bytes)
1776872743.156148 sending message 111 to peer 0x64fc1f0138b0 (8 bytes)
1776872743.156272 sending message 101 to peer 0x64fc1f0138b0 (14 bytes)
1776872743.168351 sending message 109 to peer 0x64fc1f0138b0 (4 bytes)
1776872743.168599 sending message 102 to peer 0x64fc1f0138b0 (11 bytes)
1776872743.168921 sending message 108 to peer 0x64fc1f0138b0 (30 bytes)
1776872743.169204 sending message 112 to peer 0x64fc1f0138b0 (70 bytes)
1776872743.169323 sending message 112 to peer 0x64fc1f0138b0 (5 bytes)
1776872743.169425 sending message 112 to peer 0x64fc1f0138b0 (5 bytes)
1776872743.169524 sending message 112 to peer 0x64fc1f0138b0 (6 bytes)
1776872743.169623 sending message 112 to peer 0x64fc1f0138b0 (6 bytes)
1776872743.169723 sending message 112 to peer 0x64fc1f0138b0 (11 bytes)
1776872743.169855 sending message 112 to peer 0x64fc1f0138b0 (10 bytes)
1776872743.169956 sending message 112 to peer 0x64fc1f0138b0 (13 bytes)
1776872743.170056 sending message 112 to peer 0x64fc1f0138b0 (13 bytes)
1776872743.170155 sending message 112 to peer 0x64fc1f0138b0 (18 bytes)
1776872743.170255 sending message 112 to peer 0x64fc1f0138b0 (11 bytes)
1776872743.170355 sending message 112 to peer 0x64fc1f0138b0 (10 bytes)
1776872743.170454 sending message 112 to peer 0x64fc1f0138b0 (15 bytes)
1776872743.170553 sending message 112 to peer 0x64fc1f0138b0 (21 bytes)
1776872743.170653 sending message 112 to peer 0x64fc1f0138b0 (13 bytes)
1776872743.170753 sending message 112 to peer 0x64fc1f0138b0 (7 bytes)
1776872743.170873 sending message 112 to peer 0x64fc1f0138b0 (13 bytes)
1776872743.170972 sending message 112 to peer 0x64fc1f0138b0 (7 bytes)
1776872743.171072 sending message 112 to peer 0x64fc1f0138b0 (13 bytes)
1776872743.171171 sending message 112 to peer 0x64fc1f0138b0 (9 bytes)
1776872743.171271 sending message 112 to peer 0x64fc1f0138b0 (21 bytes)
1776872743.171370 sending message 112 to peer 0x64fc1f0138b0 (13 bytes)
1776872743.171470 sending message 112 to peer 0x64fc1f0138b0 (8 bytes)
1776872743.171570 sending message 112 to peer 0x64fc1f0138b0 (12 bytes)
1776872743.171669 sending message 112 to peer 0x64fc1f0138b0 (13 bytes)
1776872743.171768 sending message 112 to peer 0x64fc1f0138b0 (9 bytes)
1776872743.171891 sending message 112 to peer 0x64fc1f0138b0 (9 bytes)
1776872743.171990 sending message 112 to peer 0x64fc1f0138b0 (12 bytes)
1776872743.172091 sending message 112 to peer 0x64fc1f0138b0 (8 bytes)
1776872743.172191 sending message 112 to peer 0x64fc1f0138b0 (8 bytes)
1776872743.172290 sending message 112 to peer 0x64fc1f0138b0 (7 bytes)
1776872743.172389 sending message 112 to peer 0x64fc1f0138b0 (7 bytes)
1776872743.172504 sending message 112 to peer 0x64fc1f0138b0 (9 bytes)
1776872743.172612 sending message 112 to peer 0x64fc1f0138b0 (13 bytes)
1776872743.172712 sending message 112 to peer 0x64fc1f0138b0 (6 bytes)
1776872743.172827 sending message 112 to peer 0x64fc1f0138b0 (9 bytes)
1776872743.172927 sending message 112 to peer 0x64fc1f0138b0 (15 bytes)
1776872743.173028 sending message 112 to peer 0x64fc1f0138b0 (13 bytes)
1776872743.173127 sending message 112 to peer 0x64fc1f0138b0 (12 bytes)
1776872743.173227 sending message 112 to peer 0x64fc1f0138b0 (8 bytes)
1776872743.173326 sending message 112 to peer 0x64fc1f0138b0 (14 bytes)
1776872743.173432 sending message 112 to peer 0x64fc1f0138b0 (11 bytes)
1776872743.173533 sending message 112 to peer 0x64fc1f0138b0 (9 bytes)
1776872743.173633 sending message 112 to peer 0x64fc1f0138b0 (10 bytes)
1776872743.173732 sending message 112 to peer 0x64fc1f0138b0 (10 bytes)
1776872743.173955 sending message 112 to peer 0x64fc1f0138b0 (10 bytes)
1776872743.174058 sending message 112 to peer 0x64fc1f0138b0 (10 bytes)
1776872743.174158 sending message 112 to peer 0x64fc1f0138b0 (11 bytes)
1776872743.174258 sending message 112 to peer 0x64fc1f0138b0 (12 bytes)
1776872743.174357 sending message 112 to peer 0x64fc1f0138b0 (12 bytes)
1776872743.174456 sending message 112 to peer 0x64fc1f0138b0 (12 bytes)
1776872743.174564 sending message 112 to peer 0x64fc1f0138b0 (12 bytes)
1776872743.174663 sending message 112 to peer 0x64fc1f0138b0 (12 bytes)
1776872743.174786 sending message 112 to peer 0x64fc1f0138b0 (11 bytes)
1776872743.174888 sending message 112 to peer 0x64fc1f0138b0 (11 bytes)
1776872743.174988 sending message 112 to peer 0x64fc1f0138b0 (12 bytes)
1776872743.175089 sending message 112 to peer 0x64fc1f0138b0 (12 bytes)
1776872743.175188 sending message 112 to peer 0x64fc1f0138b0 (12 bytes)
1776872743.175287 sending message 112 to peer 0x64fc1f0138b0 (12 bytes)
1776872743.175386 sending message 112 to peer 0x64fc1f0138b0 (12 bytes)
1776872743.175485 sending message 112 to peer 0x64fc1f0138b0 (10 bytes)
1776872743.175585 sending message 112 to peer 0x64fc1f0138b0 (12 bytes)
1776872743.175684 sending message 112 to peer 0x64fc1f0138b0 (13 bytes)
1776872743.175796 sending message 112 to peer 0x64fc1f0138b0 (13 bytes)
1776872743.175898 sending message 112 to peer 0x64fc1f0138b0 (13 bytes)
1776872743.175998 sending message 112 to peer 0x64fc1f0138b0 (13 bytes)
1776872743.176099 sending message 112 to peer 0x64fc1f0138b0 (13 bytes)
1776872743.176199 sending message 112 to peer 0x64fc1f0138b0 (8 bytes)
1776872743.176298 sending message 112 to peer 0x64fc1f0138b0 (11 bytes)
1776872743.176396 sending message 112 to peer 0x64fc1f0138b0 (11 bytes)
1776872743.176496 sending message 112 to peer 0x64fc1f0138b0 (11 bytes)
1776872743.176595 sending message 112 to peer 0x64fc1f0138b0 (12 bytes)
1776872743.176694 sending message 112 to peer 0x64fc1f0138b0 (12 bytes)
1776872743.176806 sending message 112 to peer 0x64fc1f0138b0 (12 bytes)
1776872743.176907 sending message 112 to peer 0x64fc1f0138b0 (12 bytes)
1776872743.177007 sending message 112 to peer 0x64fc1f0138b0 (13 bytes)
1776872743.177106 sending message 112 to peer 0x64fc1f0138b0 (13 bytes)
1776872743.177207 sending message 112 to peer 0x64fc1f0138b0 (13 bytes)
1776872743.177306 sending message 112 to peer 0x64fc1f0138b0 (8 bytes)
1776872743.177406 sending message 112 to peer 0x64fc1f0138b0 (13 bytes)
1776872743.177505 sending message 112 to peer 0x64fc1f0138b0 (13 bytes)
1776872743.177605 sending message 112 to peer 0x64fc1f0138b0 (13 bytes)
1776872743.177705 sending message 112 to peer 0x64fc1f0138b0 (13 bytes)
1776872743.177816 sending message 112 to peer 0x64fc1f0138b0 (13 bytes)
1776872743.177916 sending message 112 to peer 0x64fc1f0138b0 (12 bytes)
1776872743.178015 sending message 112 to peer 0x64fc1f0138b0 (12 bytes)
1776872743.178114 sending message 112 to peer 0x64fc1f0138b0 (12 bytes)
1776872743.178214 sending message 112 to peer 0x64fc1f0138b0 (12 bytes)
1776872743.178314 sending message 112 to peer 0x64fc1f0138b0 (13 bytes)
1776872743.178413 sending message 112 to peer 0x64fc1f0138b0 (8 bytes)
1776872743.178512 sending message 112 to peer 0x64fc1f0138b0 (13 bytes)
1776872743.178611 sending message 112 to peer 0x64fc1f0138b0 (13 bytes)
1776872743.178711 sending message 112 to peer 0x64fc1f0138b0 (13 bytes)
1776872743.178824 sending message 112 to peer 0x64fc1f0138b0 (13 bytes)
1776872743.178923 sending message 112 to peer 0x64fc1f0138b0 (13 bytes)
1776872743.179022 sending message 112 to peer 0x64fc1f0138b0 (13 bytes)
1776872743.179121 sending message 112 to peer 0x64fc1f0138b0 (13 bytes)
1776872743.179222 sending message 112 to peer 0x64fc1f0138b0 (12 bytes)
1776872743.179322 sending message 112 to peer 0x64fc1f0138b0 (12 bytes)
1776872743.179421 sending message 112 to peer 0x64fc1f0138b0 (12 bytes)
1776872743.179520 sending message 112 to peer 0x64fc1f0138b0 (8 bytes)
1776872743.179619 sending message 112 to peer 0x64fc1f0138b0 (12 bytes)
1776872743.179817 sending message 112 to peer 0x64fc1f0138b0 (13 bytes)
1776872743.179918 sending message 112 to peer 0x64fc1f0138b0 (13 bytes)
1776872743.180018 sending message 112 to peer 0x64fc1f0138b0 (13 bytes)
1776872743.180117 sending message 112 to peer 0x64fc1f0138b0 (13 bytes)
1776872743.180216 sending message 112 to peer 0x64fc1f0138b0 (13 bytes)
1776872743.180318 sending message 112 to peer 0x64fc1f0138b0 (13 bytes)
1776872743.180417 sending message 112 to peer 0x64fc1f0138b0 (13 bytes)
1776872743.180516 sending message 112 to peer 0x64fc1f0138b0 (13 bytes)
1776872743.180616 sending message 112 to peer 0x64fc1f0138b0 (12 bytes)
1776872743.180716 sending message 112 to peer 0x64fc1f0138b0 (10 bytes)
1776872743.180836 sending message 112 to peer 0x64fc1f0138b0 (12 bytes)
1776872743.180950 sending message 112 to peer 0x64fc1f0138b0 (12 bytes)
1776872743.181130 sending message 112 to peer 0x64fc1f0138b0 (12 bytes)
1776872743.181251 sending message 112 to peer 0x64fc1f0138b0 (13 bytes)
1776872743.181368 sending message 112 to peer 0x64fc1f0138b0 (13 bytes)
1776872743.181485 sending message 112 to peer 0x64fc1f0138b0 (13 bytes)
1776872743.181585 sending message 112 to peer 0x64fc1f0138b0 (13 bytes)
1776872743.181686 sending message 112 to peer 0x64fc1f0138b0 (13 bytes)
1776872743.181795 sending message 112 to peer 0x64fc1f0138b0 (13 bytes)
1776872743.181904 sending message 112 to peer 0x64fc1f0138b0 (13 bytes)
1776872743.182003 sending message 112 to peer 0x64fc1f0138b0 (10 bytes)
1776872743.182103 sending message 112 to peer 0x64fc1f0138b0 (13 bytes)
1776872743.182201 sending message 112 to peer 0x64fc1f0138b0 (12 bytes)
1776872743.182301 sending message 112 to peer 0x64fc1f0138b0 (12 bytes)
1776872743.182403 sending message 112 to peer 0x64fc1f0138b0 (12 bytes)
1776872743.182502 sending message 112 to peer 0x64fc1f0138b0 (10 bytes)
1776872743.182601 sending message 112 to peer 0x64fc1f0138b0 (10 bytes)
1776872743.182846 sending message 112 to peer 0x64fc1f0138b0 (10 bytes)
1776872743.182985 sending message 112 to peer 0x64fc1f0138b0 (12 bytes)
1776872743.183096 sending message 112 to peer 0x64fc1f0138b0 (13 bytes)
1776872743.183195 sending message 112 to peer 0x64fc1f0138b0 (13 bytes)
1776872743.183314 sending message 112 to peer 0x64fc1f0138b0 (13 bytes)
1776872743.183421 sending message 112 to peer 0x64fc1f0138b0 (13 bytes)
1776872743.183533 sending message 112 to peer 0x64fc1f0138b0 (13 bytes)
1776872743.183616 sending message 112 to peer 0x64fc1f0138b0 (11 bytes)
1776872743.183700 sending message 112 to peer 0x64fc1f0138b0 (11 bytes)
1776872743.183791 sending message 112 to peer 0x64fc1f0138b0 (12 bytes)
1776872743.183873 sending message 112 to peer 0x64fc1f0138b0 (12 bytes)
1776872743.183952 sending message 112 to peer 0x64fc1f0138b0 (12 bytes)
1776872743.184031 sending message 112 to peer 0x64fc1f0138b0 (12 bytes)
1776872743.184112 sending message 112 to peer 0x64fc1f0138b0 (12 bytes)
1776872743.184194 sending message 112 to peer 0x64fc1f0138b0 (11 bytes)
1776872743.184275 sending message 112 to peer 0x64fc1f0138b0 (12 bytes)
1776872743.184356 sending message 112 to peer 0x64fc1f0138b0 (12 bytes)
1776872743.184436 sending message 112 to peer 0x64fc1f0138b0 (13 bytes)
1776872743.184518 sending message 112 to peer 0x64fc1f0138b0 (13 bytes)
1776872743.184585 sending message 112 to peer 0x64fc1f0138b0 (13 bytes)
1776872743.184652 sending message 112 to peer 0x64fc1f0138b0 (13 bytes)
1776872743.184719 sending message 112 to peer 0x64fc1f0138b0 (13 bytes)
1776872743.184796 sending message 112 to peer 0x64fc1f0138b0 (10 bytes)
1776872743.184863 sending message 112 to peer 0x64fc1f0138b0 (9 bytes)
1776872743.184930 sending message 112 to peer 0x64fc1f0138b0 (12 bytes)
1776872743.184997 sending message 112 to peer 0x64fc1f0138b0 (13 bytes)
1776872743.185063 sending message 112 to peer 0x64fc1f0138b0 (13 bytes)
1776872743.185130 sending message 112 to peer 0x64fc1f0138b0 (13 bytes)
1776872743.185197 sending message 112 to peer 0x64fc1f0138b0 (13 bytes)
1776872743.185263 sending message 112 to peer 0x64fc1f0138b0 (13 bytes)
1776872743.185397 sending message 112 to peer 0x64fc1f0138b0 (9 bytes)
1776872743.185465 sending message 112 to peer 0x64fc1f0138b0 (12 bytes)
1776872743.185549 sending message 112 to peer 0x64fc1f0138b0 (13 bytes)
1776872743.185628 sending message 112 to peer 0x64fc1f0138b0 (13 bytes)
1776872743.185706 sending message 112 to peer 0x64fc1f0138b0 (13 bytes)
1776872743.185802 sending message 112 to peer 0x64fc1f0138b0 (13 bytes)
1776872743.185882 sending message 112 to peer 0x64fc1f0138b0 (13 bytes)
1776872743.185961 sending message 112 to peer 0x64fc1f0138b0 (11 bytes)
1776872743.186040 sending message 112 to peer 0x64fc1f0138b0 (12 bytes)
1776872743.186118 sending message 112 to peer 0x64fc1f0138b0 (13 bytes)
1776872743.186196 sending message 112 to peer 0x64fc1f0138b0 (13 bytes)
1776872743.186275 sending message 112 to peer 0x64fc1f0138b0 (13 bytes)
1776872743.186353 sending message 112 to peer 0x64fc1f0138b0 (13 bytes)
1776872743.186431 sending message 112 to peer 0x64fc1f0138b0 (13 bytes)
1776872743.186509 sending message 112 to peer 0x64fc1f0138b0 (11 bytes)
1776872743.186588 sending message 112 to peer 0x64fc1f0138b0 (12 bytes)
1776872743.186667 sending message 112 to peer 0x64fc1f0138b0 (12 bytes)
1776872743.186746 sending message 112 to peer 0x64fc1f0138b0 (12 bytes)
1776872743.186835 sending message 112 to peer 0x64fc1f0138b0 (12 bytes)
1776872743.186914 sending message 112 to peer 0x64fc1f0138b0 (12 bytes)
1776872743.186992 sending message 112 to peer 0x64fc1f0138b0 (21 bytes)
1776872743.187073 sending message 112 to peer 0x64fc1f0138b0 (12 bytes)
1776872743.187151 sending message 112 to peer 0x64fc1f0138b0 (9 bytes)
1776872743.187229 sending message 112 to peer 0x64fc1f0138b0 (6 bytes)
1776872743.187308 sending message 112 to peer 0x64fc1f0138b0 (13 bytes)
1776872743.187387 sending message 112 to peer 0x64fc1f0138b0 (8 bytes)
1776872743.187466 sending message 112 to peer 0x64fc1f0138b0 (15 bytes)
1776872743.187545 sending message 112 to peer 0x64fc1f0138b0 (13 bytes)
1776872743.187623 sending message 112 to peer 0x64fc1f0138b0 (9 bytes)
1776872743.187702 sending message 112 to peer 0x64fc1f0138b0 (70 bytes)
1776872743.187786 sending message 112 to peer 0x64fc1f0138b0 (69 bytes)
1776872743.187864 sending message 112 to peer 0x64fc1f0138b0 (10 bytes)
1776872743.187943 sending message 112 to peer 0x64fc1f0138b0 (10 bytes)
1776872743.188021 sending message 112 to peer 0x64fc1f0138b0 (8 bytes)
1776872743.188100 sending message 112 to peer 0x64fc1f0138b0 (15 bytes)
1776872743.188178 sending message 112 to peer 0x64fc1f0138b0 (13 bytes)
1776872743.188256 sending message 112 to peer 0x64fc1f0138b0 (10 bytes)
1776872743.188336 sending message 112 to peer 0x64fc1f0138b0 (10 bytes)
1776872743.188414 sending message 112 to peer 0x64fc1f0138b0 (17 bytes)
1776872743.188493 sending message 112 to peer 0x64fc1f0138b0 (10 bytes)
1776872743.188575 sending message 112 to peer 0x64fc1f0138b0 (13 bytes)
1776872743.188653 sending message 112 to peer 0x64fc1f0138b0 (9 bytes)
1776872743.188733 sending message 112 to peer 0x64fc1f0138b0 (5 bytes)
1776872743.188824 sending message 112 to peer 0x64fc1f0138b0 (15 bytes)
1776872743.188905 sending message 104 to peer 0x64fc1f0138b0 (0 bytes)
1776872743.188984 sending message 110 to peer 0x64fc1f0138b0 (0 bytes)
1776872743.189064 sending message 107 to peer 0x64fc1f0138b0 (4 bytes)
1776872743.189143 sending message 105 to peer 0x64fc1f0138b0 (20 bytes)
1776872743.189221 sending message 105 to peer 0x64fc1f0138b0 (54 bytes)
1776872743.189300 sending message 105 to peer 0x64fc1f0138b0 (47 bytes)
1776872743.189378 sending message 105 to peer 0x64fc1f0138b0 (23 bytes)
1776872743.189456 sending message 105 to peer 0x64fc1f0138b0 (11 bytes)
1776872743.189534 sending message 105 to peer 0x64fc1f0138b0 (270 bytes)
1776872743.189613 sending message 105 to peer 0x64fc1f0138b0 (18 bytes)
1776872743.189692 sending message 105 to peer 0x64fc1f0138b0 (35 bytes)
1776872743.189778 sending message 105 to peer 0x64fc1f0138b0 (44 bytes)
1776872743.189861 sending message 105 to peer 0x64fc1f0138b0 (45 bytes)
1776872743.190017 sending message 105 to peer 0x64fc1f0138b0 (23 bytes)
1776872743.190097 sending message 105 to peer 0x64fc1f0138b0 (32 bytes)
1776872743.190176 sending message 105 to peer 0x64fc1f0138b0 (35 bytes)
1776872743.190254 sending message 105 to peer 0x64fc1f0138b0 (28 bytes)
1776872743.190333 sending message 105 to peer 0x64fc1f0138b0 (19 bytes)
1776872743.190412 sending message 105 to peer 0x64fc1f0138b0 (18 bytes)
1776872743.190491 sending message 105 to peer 0x64fc1f0138b0 (47 bytes)
1776872743.190569 sending message 105 to peer 0x64fc1f0138b0 (23 bytes)
1776872743.190648 sending message 105 to peer 0x64fc1f0138b0 (64 bytes)
1776872743.190726 sending message 105 to peer 0x64fc1f0138b0 (15 bytes)
1776872743.190822 sending message 105 to peer 0x64fc1f0138b0 (60 bytes)
1776872743.190902 sending message 105 to peer 0x64fc1f0138b0 (18 bytes)
1776872743.190980 sending message 105 to peer 0x64fc1f0138b0 (17 bytes)
1776872743.191059 sending message 105 to peer 0x64fc1f0138b0 (23 bytes)
1776872743.191137 sending message 105 to peer 0x64fc1f0138b0 (30 bytes)
1776872743.191215 sending message 105 to peer 0x64fc1f0138b0 (27 bytes)
1776872743.191294 sending message 105 to peer 0x64fc1f0138b0 (24 bytes)
1776872743.191373 sending message 105 to peer 0x64fc1f0138b0 (20 bytes)
1776872743.191452 sending message 105 to peer 0x64fc1f0138b0 (23 bytes)
1776872743.191530 sending message 105 to peer 0x64fc1f0138b0 (21 bytes)
1776872743.191609 sending message 105 to peer 0x64fc1f0138b0 (25 bytes)
1776872743.191687 sending message 105 to peer 0x64fc1f0138b0 (20 bytes)
1776872743.191766 sending message 105 to peer 0x64fc1f0138b0 (34 bytes)
1776872743.191860 sending message 105 to peer 0x64fc1f0138b0 (32 bytes)
1776872743.191939 sending message 105 to peer 0x64fc1f0138b0 (16 bytes)
1776872743.192017 sending message 105 to peer 0x64fc1f0138b0 (1817 bytes)
1776872743.192106 sending message 105 to peer 0x64fc1f0138b0 (16 bytes)
1776872743.192186 sending message 105 to peer 0x64fc1f0138b0 (102 bytes)
1776872743.192264 sending message 105 to peer 0x64fc1f0138b0 (155 bytes)
1776872743.192343 sending message 105 to peer 0x64fc1f0138b0 (51 bytes)
1776872743.192421 sending message 105 to peer 0x64fc1f0138b0 (54 bytes)
1776872743.192500 sending message 105 to peer 0x64fc1f0138b0 (14 bytes)
1776872743.192579 sending message 105 to peer 0x64fc1f0138b0 (27 bytes)
1776872743.192657 sending message 105 to peer 0x64fc1f0138b0 (63 bytes)
1776872743.192736 sending message 105 to peer 0x64fc1f0138b0 (37 bytes)
1776872743.192831 sending message 105 to peer 0x64fc1f0138b0 (17 bytes)
1776872743.192908 sending message 105 to peer 0x64fc1f0138b0 (356 bytes)
1776872743.192989 sending message 105 to peer 0x64fc1f0138b0 (34 bytes)
1776872743.193068 sending message 105 to peer 0x64fc1f0138b0 (56 bytes)
1776872743.193147 sending message 105 to peer 0x64fc1f0138b0 (19 bytes)
1776872743.193225 sending message 105 to peer 0x64fc1f0138b0 (18 bytes)
1776872743.193302 sending message 105 to peer 0x64fc1f0138b0 (114 bytes)
1776872743.193382 sending message 105 to peer 0x64fc1f0138b0 (19 bytes)
1776872743.193460 sending message 105 to peer 0x64fc1f0138b0 (8 bytes)
1776872743.193538 sending message 105 to peer 0x64fc1f0138b0 (41 bytes)
1776872743.193627 sending message 105 to peer 0x64fc1f0138b0 (38 bytes)
1776872743.193705 sending message 105 to peer 0x64fc1f0138b0 (19 bytes)
1776872743.193801 sending message 105 to peer 0x64fc1f0138b0 (22 bytes)
1776872743.193880 sending message 105 to peer 0x64fc1f0138b0 (19 bytes)
1776872743.193959 sending message 105 to peer 0x64fc1f0138b0 (59 bytes)
1776872743.194039 sending message 105 to peer 0x64fc1f0138b0 (18 bytes)
1776872743.194117 sending message 105 to peer 0x64fc1f0138b0 (25 bytes)
1776872743.194195 sending message 105 to peer 0x64fc1f0138b0 (36 bytes)
1776872743.194273 sending message 105 to peer 0x64fc1f0138b0 (13 bytes)
1776872743.194352 sending message 105 to peer 0x64fc1f0138b0 (13 bytes)
1776872743.194430 sending message 105 to peer 0x64fc1f0138b0 (17 bytes)
1776872743.194509 sending message 105 to peer 0x64fc1f0138b0 (26 bytes)
1776872743.194656 sending message 105 to peer 0x64fc1f0138b0 (54 bytes)
1776872743.194735 sending message 105 to peer 0x64fc1f0138b0 (45 bytes)
1776872743.194830 sending message 105 to peer 0x64fc1f0138b0 (33 bytes)
1776872743.194910 sending message 105 to peer 0x64fc1f0138b0 (182 bytes)
1776872743.194990 sending message 105 to peer 0x64fc1f0138b0 (23 bytes)
1776872743.195068 sending message 105 to peer 0x64fc1f0138b0 (31 bytes)
1776872743.195148 sending message 105 to peer 0x64fc1f0138b0 (23 bytes)
1776872743.195227 sending message 105 to peer 0x64fc1f0138b0 (27 bytes)
1776872743.195306 sending message 105 to peer 0x64fc1f0138b0 (25 bytes)
1776872743.195384 sending message 105 to peer 0x64fc1f0138b0 (20 bytes)
1776872743.195462 sending message 105 to peer 0x64fc1f0138b0 (16 bytes)
1776872743.195547 sending message 106 to peer 0x64fc1f0138b0 (0 bytes)
1776872743.195665 sending message 200 to peer 0x64fc1f0138b0 (4 bytes)
1776872743.195744 client loop enter
1776872743.196314 peer 0x64fc1f0138b0 message 303
1776872743.196396 open write file 2 -
1776872743.196479 sending message 305 to peer 0x64fc1f0138b0 (8 bytes)
1776872743.196565 write check file 2
1776872743.196719 peer 0x64fc1f0138b0 message 304
1776872743.196818 write 58 to file 2
1776872743.196900 peer 0x64fc1f0138b0 message 203
1776872743.196978 file 2 58 bytes left
1776872743.197067 write check file 2
1776872743.197146 client loop exit
